{"C:\\Users\\jlond\\WebstormProjects\\empleabilidad-plataforma\\ms-vacantes\\src\\app.js": {"path":"C:\\Users\\jlond\\WebstormProjects\\empleabilidad-plataforma\\ms-vacantes\\src\\app.js","statementMap":{"0":{"start":{"line":1,"column":16},"end":{"line":1,"column":34}},"1":{"start":{"line":2,"column":13},"end":{"line":2,"column":28}},"2":{"start":{"line":3,"column":29},"end":{"line":3,"column":49}},"3":{"start":{"line":4,"column":23},"end":{"line":4,"column":58}},"4":{"start":{"line":6,"column":12},"end":{"line":6,"column":21}},"5":{"start":{"line":8,"column":0},"end":{"line":8,"column":58}},"6":{"start":{"line":9,"column":0},"end":{"line":9,"column":24}},"7":{"start":{"line":11,"column":0},"end":{"line":11,"column":62}},"8":{"start":{"line":12,"column":0},"end":{"line":12,"column":37}},"9":{"start":{"line":13,"column":0},"end":{"line":13,"column":86}},"10":{"start":{"line":13,"column":34},"end":{"line":13,"column":84}},"11":{"start":{"line":14,"column":0},"end":{"line":14,"column":80}},"12":{"start":{"line":14,"column":23},"end":{"line":14,"column":78}},"13":{"start":{"line":15,"column":0},"end":{"line":18,"column":3}},"14":{"start":{"line":16,"column":4},"end":{"line":16,"column":48}},"15":{"start":{"line":17,"column":4},"end":{"line":17,"column":55}},"16":{"start":{"line":20,"column":0},"end":{"line":20,"column":21}}},"fnMap":{"0":{"name":"(anonymous_0)","decl":{"start":{"line":13,"column":19},"end":{"line":13,"column":20}},"loc":{"start":{"line":13,"column":34},"end":{"line":13,"column":84}},"line":13},"1":{"name":"(anonymous_1)","decl":{"start":{"line":14,"column":8},"end":{"line":14,"column":9}},"loc":{"start":{"line":14,"column":23},"end":{"line":14,"column":78}},"line":14},"2":{"name":"(anonymous_2)","decl":{"start":{"line":15,"column":8},"end":{"line":15,"column":9}},"loc":{"start":{"line":15,"column":35},"end":{"line":18,"column":1}},"line":15}},"branchMap":{"0":{"loc":{"start":{"line":8,"column":23},"end":{"line":8,"column":53}},"type":"binary-expr","locations":[{"start":{"line":8,"column":23},"end":{"line":8,"column":46}},{"start":{"line":8,"column":50},"end":{"line":8,"column":53}}],"line":8}},"s":{"0":1,"1":1,"2":1,"3":1,"4":1,"5":1,"6":1,"7":1,"8":1,"9":1,"10":0,"11":1,"12":0,"13":1,"14":0,"15":0,"16":1},"f":{"0":0,"1":0,"2":0},"b":{"0":[1,1]},"_coverageSchema":"1a1c01bbd47fc00a2c39e90264f33305004495a9","hash":"229966e99c1ca718eae0ff4d1da5b6fc9bfc646f"}
,"C:\\Users\\jlond\\WebstormProjects\\empleabilidad-plataforma\\ms-vacantes\\src\\swagger.js": {"path":"C:\\Users\\jlond\\WebstormProjects\\empleabilidad-plataforma\\ms-vacantes\\src\\swagger.js","statementMap":{"0":{"start":{"line":1,"column":21},"end":{"line":1,"column":45}},"1":{"start":{"line":2,"column":18},"end":{"line":2,"column":47}},"2":{"start":{"line":4,"column":14},"end":{"line":16,"column":2}},"3":{"start":{"line":18,"column":0},"end":{"line":18,"column":38}}},"fnMap":{},"branchMap":{"0":{"loc":{"start":{"line":8,"column":45},"end":{"line":8,"column":69}},"type":"binary-expr","locations":[{"start":{"line":8,"column":45},"end":{"line":8,"column":61}},{"start":{"line":8,"column":65},"end":{"line":8,"column":69}}],"line":8}},"s":{"0":1,"1":1,"2":1,"3":1},"f":{},"b":{"0":[1,1]},"_coverageSchema":"1a1c01bbd47fc00a2c39e90264f33305004495a9","hash":"e2c63224d2c90859c55d490537306e61322fcd0c"}
,"C:\\Users\\jlond\\WebstormProjects\\empleabilidad-plataforma\\ms-vacantes\\src\\controllers\\vacantes.controller.js": {"path":"C:\\Users\\jlond\\WebstormProjects\\empleabilidad-plataforma\\ms-vacantes\\src\\controllers\\vacantes.controller.js","statementMap":{"0":{"start":{"line":1,"column":21},"end":{"line":1,"column":55}},"1":{"start":{"line":3,"column":21},"end":{"line":4,"column":51}},"2":{"start":{"line":3,"column":29},"end":{"line":4,"column":51}},"3":{"start":{"line":4,"column":4},"end":{"line":4,"column":51}},"4":{"start":{"line":40,"column":13},"end":{"line":50,"column":2}},"5":{"start":{"line":41,"column":53},"end":{"line":41,"column":62}},"6":{"start":{"line":42,"column":19},"end":{"line":48,"column":6}},"7":{"start":{"line":49,"column":4},"end":{"line":49,"column":28}},"8":{"start":{"line":68,"column":16},"end":{"line":72,"column":2}},"9":{"start":{"line":69,"column":20},"end":{"line":69,"column":62}},"10":{"start":{"line":70,"column":4},"end":{"line":70,"column":84}},"11":{"start":{"line":70,"column":18},"end":{"line":70,"column":84}},"12":{"start":{"line":71,"column":4},"end":{"line":71,"column":29}},"13":{"start":{"line":102,"column":15},"end":{"line":125,"column":2}},"14":{"start":{"line":103,"column":76},"end":{"line":103,"column":84}},"15":{"start":{"line":105,"column":4},"end":{"line":107,"column":5}},"16":{"start":{"line":106,"column":8},"end":{"line":106,"column":79}},"17":{"start":{"line":109,"column":32},"end":{"line":109,"column":67}},"18":{"start":{"line":110,"column":26},"end":{"line":110,"column":73}},"19":{"start":{"line":112,"column":4},"end":{"line":114,"column":5}},"20":{"start":{"line":113,"column":8},"end":{"line":113,"column":71}},"21":{"start":{"line":115,"column":4},"end":{"line":117,"column":5}},"22":{"start":{"line":116,"column":8},"end":{"line":116,"column":66}},"23":{"start":{"line":119,"column":20},"end":{"line":122,"column":6}},"24":{"start":{"line":124,"column":4},"end":{"line":124,"column":41}},"25":{"start":{"line":144,"column":15},"end":{"line":154,"column":2}},"26":{"start":{"line":145,"column":22},"end":{"line":145,"column":64}},"27":{"start":{"line":146,"column":4},"end":{"line":146,"column":86}},"28":{"start":{"line":146,"column":20},"end":{"line":146,"column":86}},"29":{"start":{"line":148,"column":4},"end":{"line":150,"column":5}},"30":{"start":{"line":149,"column":8},"end":{"line":149,"column":91}},"31":{"start":{"line":152,"column":20},"end":{"line":152,"column":70}},"32":{"start":{"line":153,"column":4},"end":{"line":153,"column":29}},"33":{"start":{"line":156,"column":0},"end":{"line":156,"column":51}}},"fnMap":{"0":{"name":"(anonymous_0)","decl":{"start":{"line":3,"column":21},"end":{"line":3,"column":22}},"loc":{"start":{"line":3,"column":29},"end":{"line":4,"column":51}},"line":3},"1":{"name":"(anonymous_1)","decl":{"start":{"line":3,"column":29},"end":{"line":3,"column":30}},"loc":{"start":{"line":4,"column":4},"end":{"line":4,"column":51}},"line":4},"2":{"name":"(anonymous_2)","decl":{"start":{"line":40,"column":26},"end":{"line":40,"column":27}},"loc":{"start":{"line":40,"column":46},"end":{"line":50,"column":1}},"line":40},"3":{"name":"(anonymous_3)","decl":{"start":{"line":68,"column":29},"end":{"line":68,"column":30}},"loc":{"start":{"line":68,"column":49},"end":{"line":72,"column":1}},"line":68},"4":{"name":"(anonymous_4)","decl":{"start":{"line":102,"column":28},"end":{"line":102,"column":29}},"loc":{"start":{"line":102,"column":48},"end":{"line":125,"column":1}},"line":102},"5":{"name":"(anonymous_5)","decl":{"start":{"line":144,"column":28},"end":{"line":144,"column":29}},"loc":{"start":{"line":144,"column":48},"end":{"line":154,"column":1}},"line":144}},"branchMap":{"0":{"loc":{"start":{"line":46,"column":15},"end":{"line":46,"column":43}},"type":"cond-expr","locations":[{"start":{"line":46,"column":23},"end":{"line":46,"column":38}},{"start":{"line":46,"column":41},"end":{"line":46,"column":43}}],"line":46},"1":{"loc":{"start":{"line":47,"column":16},"end":{"line":47,"column":45}},"type":"cond-expr","locations":[{"start":{"line":47,"column":25},"end":{"line":47,"column":41}},{"start":{"line":47,"column":44},"end":{"line":47,"column":45}}],"line":47},"2":{"loc":{"start":{"line":70,"column":4},"end":{"line":70,"column":84}},"type":"if","locations":[{"start":{"line":70,"column":4},"end":{"line":70,"column":84}},{"start":{},"end":{}}],"line":70},"3":{"loc":{"start":{"line":105,"column":4},"end":{"line":107,"column":5}},"type":"if","locations":[{"start":{"line":105,"column":4},"end":{"line":107,"column":5}},{"start":{},"end":{}}],"line":105},"4":{"loc":{"start":{"line":105,"column":8},"end":{"line":105,"column":86}},"type":"binary-expr","locations":[{"start":{"line":105,"column":8},"end":{"line":105,"column":15}},{"start":{"line":105,"column":19},"end":{"line":105,"column":27}},{"start":{"line":105,"column":31},"end":{"line":105,"column":43}},{"start":{"line":105,"column":47},"end":{"line":105,"column":57}},{"start":{"line":105,"column":61},"end":{"line":105,"column":66}},{"start":{"line":105,"column":70},"end":{"line":105,"column":77}},{"start":{"line":105,"column":81},"end":{"line":105,"column":86}}],"line":105},"5":{"loc":{"start":{"line":112,"column":4},"end":{"line":114,"column":5}},"type":"if","locations":[{"start":{"line":112,"column":4},"end":{"line":114,"column":5}},{"start":{},"end":{}}],"line":112},"6":{"loc":{"start":{"line":115,"column":4},"end":{"line":117,"column":5}},"type":"if","locations":[{"start":{"line":115,"column":4},"end":{"line":117,"column":5}},{"start":{},"end":{}}],"line":115},"7":{"loc":{"start":{"line":146,"column":4},"end":{"line":146,"column":86}},"type":"if","locations":[{"start":{"line":146,"column":4},"end":{"line":146,"column":86}},{"start":{},"end":{}}],"line":146},"8":{"loc":{"start":{"line":148,"column":4},"end":{"line":150,"column":5}},"type":"if","locations":[{"start":{"line":148,"column":4},"end":{"line":150,"column":5}},{"start":{},"end":{}}],"line":148}},"s":{"0":1,"1":1,"2":4,"3":3,"4":1,"5":1,"6":1,"7":1,"8":1,"9":0,"10":0,"11":0,"12":0,"13":1,"14":2,"15":2,"16":1,"17":1,"18":1,"19":1,"20":0,"21":1,"22":0,"23":1,"24":1,"25":1,"26":0,"27":0,"28":0,"29":0,"30":0,"31":0,"32":0,"33":1},"f":{"0":4,"1":3,"2":1,"3":0,"4":2,"5":0},"b":{"0":[0,1],"1":[0,1],"2":[0,0],"3":[1,1],"4":[2,2,1,1,1,1,1],"5":[0,1],"6":[0,1],"7":[0,0],"8":[0,0]},"_coverageSchema":"1a1c01bbd47fc00a2c39e90264f33305004495a9","hash":"0c6961b53a38385beade3c41b6549ee607ccdb98"}
,"C:\\Users\\jlond\\WebstormProjects\\empleabilidad-plataforma\\ms-vacantes\\src\\middlewares\\auth.middleware.js": {"path":"C:\\Users\\jlond\\WebstormProjects\\empleabilidad-plataforma\\ms-vacantes\\src\\middlewares\\auth.middleware.js","statementMap":{"0":{"start":{"line":1,"column":12},"end":{"line":1,"column":35}},"1":{"start":{"line":3,"column":20},"end":{"line":14,"column":1}},"2":{"start":{"line":4,"column":23},"end":{"line":4,"column":51}},"3":{"start":{"line":5,"column":4},"end":{"line":7,"column":5}},"4":{"start":{"line":6,"column":8},"end":{"line":6,"column":68}},"5":{"start":{"line":8,"column":4},"end":{"line":13,"column":5}},"6":{"start":{"line":9,"column":8},"end":{"line":9,"column":80}},"7":{"start":{"line":10,"column":8},"end":{"line":10,"column":15}},"8":{"start":{"line":12,"column":8},"end":{"line":12,"column":78}},"9":{"start":{"line":16,"column":23},"end":{"line":21,"column":1}},"10":{"start":{"line":17,"column":4},"end":{"line":19,"column":5}},"11":{"start":{"line":18,"column":8},"end":{"line":18,"column":98}},"12":{"start":{"line":20,"column":4},"end":{"line":20,"column":11}},"13":{"start":{"line":23,"column":0},"end":{"line":23,"column":49}}},"fnMap":{"0":{"name":"(anonymous_0)","decl":{"start":{"line":3,"column":20},"end":{"line":3,"column":21}},"loc":{"start":{"line":3,"column":40},"end":{"line":14,"column":1}},"line":3},"1":{"name":"(anonymous_1)","decl":{"start":{"line":16,"column":23},"end":{"line":16,"column":24}},"loc":{"start":{"line":16,"column":43},"end":{"line":21,"column":1}},"line":16}},"branchMap":{"0":{"loc":{"start":{"line":5,"column":4},"end":{"line":7,"column":5}},"type":"if","locations":[{"start":{"line":5,"column":4},"end":{"line":7,"column":5}},{"start":{},"end":{}}],"line":5},"1":{"loc":{"start":{"line":17,"column":4},"end":{"line":19,"column":5}},"type":"if","locations":[{"start":{"line":17,"column":4},"end":{"line":19,"column":5}},{"start":{},"end":{}}],"line":17}},"s":{"0":1,"1":1,"2":5,"3":5,"4":1,"5":4,"6":4,"7":4,"8":0,"9":1,"10":3,"11":1,"12":2,"13":1},"f":{"0":5,"1":3},"b":{"0":[1,4],"1":[1,2]},"_coverageSchema":"1a1c01bbd47fc00a2c39e90264f33305004495a9","hash":"6966263454c314f708319bddf36a44bbc023dbdf"}
,"C:\\Users\\jlond\\WebstormProjects\\empleabilidad-plataforma\\ms-vacantes\\src\\models\\vacante.model.js": {"path":"C:\\Users\\jlond\\WebstormProjects\\empleabilidad-plataforma\\ms-vacantes\\src\\models\\vacante.model.js","statementMap":{"0":{"start":{"line":1,"column":17},"end":{"line":1,"column":30}},"1":{"start":{"line":3,"column":13},"end":{"line":9,"column":2}},"2":{"start":{"line":11,"column":25},"end":{"line":11,"column":155}},"3":{"start":{"line":12,"column":25},"end":{"line":12,"column":140}},"4":{"start":{"line":14,"column":21},"end":{"line":72,"column":1}},"5":{"start":{"line":16,"column":27},"end":{"line":16,"column":42}},"6":{"start":{"line":17,"column":23},"end":{"line":17,"column":31}},"7":{"start":{"line":18,"column":18},"end":{"line":18,"column":19}},"8":{"start":{"line":20,"column":8},"end":{"line":20,"column":92}},"9":{"start":{"line":20,"column":25},"end":{"line":20,"column":66}},"10":{"start":{"line":20,"column":67},"end":{"line":20,"column":90}},"11":{"start":{"line":21,"column":8},"end":{"line":21,"column":87}},"12":{"start":{"line":21,"column":25},"end":{"line":21,"column":61}},"13":{"start":{"line":21,"column":67},"end":{"line":21,"column":85}},"14":{"start":{"line":22,"column":8},"end":{"line":22,"column":87}},"15":{"start":{"line":22,"column":25},"end":{"line":22,"column":61}},"16":{"start":{"line":22,"column":67},"end":{"line":22,"column":85}},"17":{"start":{"line":24,"column":22},"end":{"line":24,"column":46}},"18":{"start":{"line":26,"column":36},"end":{"line":32,"column":10}},"19":{"start":{"line":34,"column":8},"end":{"line":34,"column":87}},"20":{"start":{"line":38,"column":25},"end":{"line":41,"column":9}},"21":{"start":{"line":42,"column":8},"end":{"line":42,"column":31}},"22":{"start":{"line":47,"column":24},"end":{"line":47,"column":77}},"23":{"start":{"line":47,"column":55},"end":{"line":47,"column":76}},"24":{"start":{"line":48,"column":21},"end":{"line":48,"column":39}},"25":{"start":{"line":49,"column":29},"end":{"line":49,"column":74}},"26":{"start":{"line":49,"column":51},"end":{"line":49,"column":62}},"27":{"start":{"line":50,"column":23},"end":{"line":50,"column":50}},"28":{"start":{"line":50,"column":42},"end":{"line":50,"column":49}},"29":{"start":{"line":52,"column":25},"end":{"line":55,"column":9}},"30":{"start":{"line":56,"column":8},"end":{"line":56,"column":23}},"31":{"start":{"line":60,"column":24},"end":{"line":60,"column":85}},"32":{"start":{"line":60,"column":56},"end":{"line":60,"column":84}},"33":{"start":{"line":61,"column":8},"end":{"line":61,"column":41}},"34":{"start":{"line":61,"column":29},"end":{"line":61,"column":41}},"35":{"start":{"line":63,"column":21},"end":{"line":63,"column":73}},"36":{"start":{"line":63,"column":43},"end":{"line":63,"column":61}},"37":{"start":{"line":64,"column":23},"end":{"line":64,"column":50}},"38":{"start":{"line":64,"column":42},"end":{"line":64,"column":49}},"39":{"start":{"line":66,"column":25},"end":{"line":69,"column":9}},"40":{"start":{"line":70,"column":8},"end":{"line":70,"column":31}},"41":{"start":{"line":74,"column":0},"end":{"line":74,"column":30}}},"fnMap":{"0":{"name":"(anonymous_0)","decl":{"start":{"line":15,"column":4},"end":{"line":15,"column":5}},"loc":{"start":{"line":15,"column":89},"end":{"line":35,"column":5}},"line":15},"1":{"name":"(anonymous_1)","decl":{"start":{"line":37,"column":4},"end":{"line":37,"column":5}},"loc":{"start":{"line":37,"column":23},"end":{"line":43,"column":5}},"line":37},"2":{"name":"(anonymous_2)","decl":{"start":{"line":45,"column":4},"end":{"line":45,"column":5}},"loc":{"start":{"line":45,"column":23},"end":{"line":57,"column":5}},"line":45},"3":{"name":"(anonymous_3)","decl":{"start":{"line":47,"column":48},"end":{"line":47,"column":49}},"loc":{"start":{"line":47,"column":55},"end":{"line":47,"column":76}},"line":47},"4":{"name":"(anonymous_4)","decl":{"start":{"line":49,"column":41},"end":{"line":49,"column":42}},"loc":{"start":{"line":49,"column":51},"end":{"line":49,"column":62}},"line":49},"5":{"name":"(anonymous_5)","decl":{"start":{"line":50,"column":35},"end":{"line":50,"column":36}},"loc":{"start":{"line":50,"column":42},"end":{"line":50,"column":49}},"line":50},"6":{"name":"(anonymous_6)","decl":{"start":{"line":59,"column":4},"end":{"line":59,"column":5}},"loc":{"start":{"line":59,"column":27},"end":{"line":71,"column":5}},"line":59},"7":{"name":"(anonymous_7)","decl":{"start":{"line":60,"column":49},"end":{"line":60,"column":50}},"loc":{"start":{"line":60,"column":56},"end":{"line":60,"column":84}},"line":60},"8":{"name":"(anonymous_8)","decl":{"start":{"line":63,"column":33},"end":{"line":63,"column":34}},"loc":{"start":{"line":63,"column":43},"end":{"line":63,"column":61}},"line":63},"9":{"name":"(anonymous_9)","decl":{"start":{"line":64,"column":35},"end":{"line":64,"column":36}},"loc":{"start":{"line":64,"column":42},"end":{"line":64,"column":49}},"line":64}},"branchMap":{"0":{"loc":{"start":{"line":5,"column":10},"end":{"line":5,"column":37}},"type":"binary-expr","locations":[{"start":{"line":5,"column":10},"end":{"line":5,"column":29}},{"start":{"line":5,"column":33},"end":{"line":5,"column":37}}],"line":5},"1":{"loc":{"start":{"line":15,"column":18},"end":{"line":15,"column":87}},"type":"default-arg","locations":[{"start":{"line":15,"column":85},"end":{"line":15,"column":87}}],"line":15},"2":{"loc":{"start":{"line":15,"column":43},"end":{"line":15,"column":56}},"type":"default-arg","locations":[{"start":{"line":15,"column":52},"end":{"line":15,"column":56}}],"line":15},"3":{"loc":{"start":{"line":15,"column":58},"end":{"line":15,"column":68}},"type":"default-arg","locations":[{"start":{"line":15,"column":66},"end":{"line":15,"column":68}}],"line":15},"4":{"loc":{"start":{"line":15,"column":70},"end":{"line":15,"column":80}},"type":"default-arg","locations":[{"start":{"line":15,"column":79},"end":{"line":15,"column":80}}],"line":15},"5":{"loc":{"start":{"line":20,"column":8},"end":{"line":20,"column":92}},"type":"if","locations":[{"start":{"line":20,"column":8},"end":{"line":20,"column":92}},{"start":{},"end":{}}],"line":20},"6":{"loc":{"start":{"line":21,"column":8},"end":{"line":21,"column":87}},"type":"if","locations":[{"start":{"line":21,"column":8},"end":{"line":21,"column":87}},{"start":{},"end":{}}],"line":21},"7":{"loc":{"start":{"line":22,"column":8},"end":{"line":22,"column":87}},"type":"if","locations":[{"start":{"line":22,"column":8},"end":{"line":22,"column":87}},{"start":{},"end":{}}],"line":22},"8":{"loc":{"start":{"line":42,"column":15},"end":{"line":42,"column":30}},"type":"binary-expr","locations":[{"start":{"line":42,"column":15},"end":{"line":42,"column":22}},{"start":{"line":42,"column":26},"end":{"line":42,"column":30}}],"line":42},"9":{"loc":{"start":{"line":61,"column":8},"end":{"line":61,"column":41}},"type":"if","locations":[{"start":{"line":61,"column":8},"end":{"line":61,"column":41}},{"start":{},"end":{}}],"line":61},"10":{"loc":{"start":{"line":70,"column":15},"end":{"line":70,"column":30}},"type":"binary-expr","locations":[{"start":{"line":70,"column":15},"end":{"line":70,"column":22}},{"start":{"line":70,"column":26},"end":{"line":70,"column":30}}],"line":70}},"s":{"0":1,"1":1,"2":1,"3":1,"4":1,"5":1,"6":1,"7":1,"8":1,"9":0,"10":0,"11":1,"12":0,"13":0,"14":1,"15":0,"16":0,"17":1,"18":1,"19":1,"20":0,"21":0,"22":1,"23":11,"24":1,"25":1,"26":8,"27":1,"28":8,"29":1,"30":1,"31":0,"32":0,"33":0,"34":0,"35":0,"36":0,"37":0,"38":0,"39":0,"40":0,"41":1},"f":{"0":1,"1":0,"2":1,"3":11,"4":8,"5":8,"6":0,"7":0,"8":0,"9":0},"b":{"0":[1,1],"1":[0],"2":[1],"3":[0],"4":[0],"5":[0,1],"6":[0,1],"7":[0,1],"8":[0,0],"9":[0,0],"10":[0,0]},"_coverageSchema":"1a1c01bbd47fc00a2c39e90264f33305004495a9","hash":"9e280d7adaf74d7c81a3cec97101e6ad22ffed80"}
,"C:\\Users\\jlond\\WebstormProjects\\empleabilidad-plataforma\\ms-vacantes\\src\\routes\\vacantes.routes.js": {"path":"C:\\Users\\jlond\\WebstormProjects\\empleabilidad-plataforma\\ms-vacantes\\src\\routes\\vacantes.routes.js","statementMap":{"0":{"start":{"line":1,"column":19},"end":{"line":1,"column":37}},"1":{"start":{"line":2,"column":42},"end":{"line":2,"column":87}},"2":{"start":{"line":3,"column":40},"end":{"line":3,"column":81}},"3":{"start":{"line":5,"column":15},"end":{"line":5,"column":23}},"4":{"start":{"line":8,"column":0},"end":{"line":8,"column":35}},"5":{"start":{"line":9,"column":0},"end":{"line":9,"column":41}},"6":{"start":{"line":12,"column":0},"end":{"line":12,"column":54}},"7":{"start":{"line":13,"column":0},"end":{"line":13,"column":56}},"8":{"start":{"line":15,"column":0},"end":{"line":15,"column":24}}},"fnMap":{},"branchMap":{},"s":{"0":1,"1":1,"2":1,"3":1,"4":1,"5":1,"6":1,"7":1,"8":1},"f":{},"b":{},"_coverageSchema":"1a1c01bbd47fc00a2c39e90264f33305004495a9","hash":"6b927aa4854825da39d44511b68f7a354ffe97a6"}
}
