TN:
SF:src\app.js
FN:13,(anonymous_0)
FN:14,(anonymous_1)
FN:15,(anonymous_2)
FNF:3
FNH:0
FNDA:0,(anonymous_0)
FNDA:0,(anonymous_1)
FNDA:0,(anonymous_2)
DA:1,1
DA:2,1
DA:3,1
DA:4,1
DA:6,1
DA:8,1
DA:9,1
DA:11,1
DA:12,1
DA:13,1
DA:14,1
DA:15,1
DA:16,0
DA:17,0
DA:20,1
LF:15
LH:13
BRDA:8,0,0,1
BRDA:8,0,1,1
BRF:2
BRH:2
end_of_record
TN:
SF:src\swagger.js
FNF:0
FNH:0
DA:1,1
DA:2,1
DA:4,1
DA:18,1
LF:4
LH:4
BRDA:8,0,0,1
BRDA:8,0,1,1
BRF:2
BRH:2
end_of_record
TN:
SF:src\controllers\vacantes.controller.js
FN:3,(anonymous_0)
FN:3,(anonymous_1)
FN:40,(anonymous_2)
FN:68,(anonymous_3)
FN:102,(anonymous_4)
FN:144,(anonymous_5)
FNF:6
FNH:4
FNDA:4,(anonymous_0)
FNDA:3,(anonymous_1)
FNDA:1,(anonymous_2)
FNDA:0,(anonymous_3)
FNDA:2,(anonymous_4)
FNDA:0,(anonymous_5)
DA:1,1
DA:3,4
DA:4,3
DA:40,1
DA:41,1
DA:42,1
DA:49,1
DA:68,1
DA:69,0
DA:70,0
DA:71,0
DA:102,1
DA:103,2
DA:105,2
DA:106,1
DA:109,1
DA:110,1
DA:112,1
DA:113,0
DA:115,1
DA:116,0
DA:119,1
DA:124,1
DA:144,1
DA:145,0
DA:146,0
DA:148,0
DA:149,0
DA:152,0
DA:153,0
DA:156,1
LF:31
LH:20
BRDA:46,0,0,0
BRDA:46,0,1,1
BRDA:47,1,0,0
BRDA:47,1,1,1
BRDA:70,2,0,0
BRDA:70,2,1,0
BRDA:105,3,0,1
BRDA:105,3,1,1
BRDA:105,4,0,2
BRDA:105,4,1,2
BRDA:105,4,2,1
BRDA:105,4,3,1
BRDA:105,4,4,1
BRDA:105,4,5,1
BRDA:105,4,6,1
BRDA:112,5,0,0
BRDA:112,5,1,1
BRDA:115,6,0,0
BRDA:115,6,1,1
BRDA:146,7,0,0
BRDA:146,7,1,0
BRDA:148,8,0,0
BRDA:148,8,1,0
BRF:23
BRH:13
end_of_record
TN:
SF:src\middlewares\auth.middleware.js
FN:3,(anonymous_0)
FN:16,(anonymous_1)
FNF:2
FNH:2
FNDA:5,(anonymous_0)
FNDA:3,(anonymous_1)
DA:1,1
DA:3,1
DA:4,5
DA:5,5
DA:6,1
DA:8,4
DA:9,4
DA:10,4
DA:12,0
DA:16,1
DA:17,3
DA:18,1
DA:20,2
DA:23,1
LF:14
LH:13
BRDA:5,0,0,1
BRDA:5,0,1,4
BRDA:17,1,0,1
BRDA:17,1,1,2
BRF:4
BRH:4
end_of_record
TN:
SF:src\models\vacante.model.js
FN:15,(anonymous_0)
FN:37,(anonymous_1)
FN:45,(anonymous_2)
FN:47,(anonymous_3)
FN:49,(anonymous_4)
FN:50,(anonymous_5)
FN:59,(anonymous_6)
FN:60,(anonymous_7)
FN:63,(anonymous_8)
FN:64,(anonymous_9)
FNF:10
FNH:5
FNDA:1,(anonymous_0)
FNDA:0,(anonymous_1)
FNDA:1,(anonymous_2)
FNDA:11,(anonymous_3)
FNDA:8,(anonymous_4)
FNDA:8,(anonymous_5)
FNDA:0,(anonymous_6)
FNDA:0,(anonymous_7)
FNDA:0,(anonymous_8)
FNDA:0,(anonymous_9)
DA:1,1
DA:3,1
DA:11,1
DA:12,1
DA:14,1
DA:16,1
DA:17,1
DA:18,1
DA:20,1
DA:21,1
DA:22,1
DA:24,1
DA:26,1
DA:34,1
DA:38,0
DA:42,0
DA:47,11
DA:48,1
DA:49,8
DA:50,8
DA:52,1
DA:56,1
DA:60,0
DA:61,0
DA:63,0
DA:64,0
DA:66,0
DA:70,0
DA:74,1
LF:29
LH:21
BRDA:5,0,0,1
BRDA:5,0,1,1
BRDA:15,1,0,0
BRDA:15,2,0,1
BRDA:15,3,0,0
BRDA:15,4,0,0
BRDA:20,5,0,0
BRDA:20,5,1,1
BRDA:21,6,0,0
BRDA:21,6,1,1
BRDA:22,7,0,0
BRDA:22,7,1,1
BRDA:42,8,0,0
BRDA:42,8,1,0
BRDA:61,9,0,0
BRDA:61,9,1,0
BRDA:70,10,0,0
BRDA:70,10,1,0
BRF:18
BRH:6
end_of_record
TN:
SF:src\routes\vacantes.routes.js
FNF:0
FNH:0
DA:1,1
DA:2,1
DA:3,1
DA:5,1
DA:8,1
DA:9,1
DA:12,1
DA:13,1
DA:15,1
LF:9
LH:9
BRF:0
BRH:0
end_of_record
